<?xml version="1.0" encoding="UTF-8"?>
<!-- Generated by org.testng.reporters.JUnitXMLReporter -->
<testsuite ignored="0" hostname="KEDARRAJE" failures="1" tests="32" name="Test" time="23.824" errors="0" timestamp="2026-07-10T21:11:42 IST">
  <testcase classname="testCases.Login_Test" name="TC_003" time="2.682"/>
  <testcase classname="testCases.Search_Test" name="TC_011_Empty_Search" time="3.852"/>
  <testcase classname="testCases.Login_Test" name="TC_002" time="2.011"/>
  <testcase classname="testCases.Search_Test" name="TC_012_Search_Special_Char" time="1.06"/>
  <testcase classname="testCases.Wishlist_Test" name="TC_005_add_wish" time="6.162"/>
  <testcase classname="testCases.Search_Test" name="TC_013_Partial_name" time="1.216"/>
  <testcase classname="testCases.Checkout_Test" name="TC_010_CheckOut_Item" time="6.917"/>
  <testcase classname="testCases.Wishlist_Test" name="TC_006_remove_wish" time="0.803"/>
  <testcase classname="testCases.Search_Test" name="TC_014_Non_Existing_Product" time="0.979"/>
  <testcase classname="testCases.Contact_Test" name="TC_007" time="5.766"/>
  <testcase classname="testCases.Register_Test" name="TC_015_Register_Existing_Credential" time="3.641"/>
  <testcase classname="testCases.Contact_Test" name="TC_007" time="2.368">
    <failure type="org.openqa.selenium.StaleElementReferenceException" message="stale element reference: stale element not found
  (Session info: chrome=149.0.7827.201)
For documentation on this error, please visit: https://www.selenium.dev/documentation/webdriver/troubleshooting/errors#staleelementreferenceexception
Build info: version: &amp;apos;4.40.0&amp;apos;, revision: &amp;apos;b3333f1&amp;apos;
System info: os.name: &amp;apos;Windows 11&amp;apos;, os.arch: &amp;apos;amd64&amp;apos;, os.version: &amp;apos;10.0&amp;apos;, java.version: &amp;apos;17.0.12&amp;apos;
Driver info: org.openqa.selenium.chrome.ChromeDriver
Command: [2b182b1710823f24854438febe3b21ce, clickElement {id=f.64D8321E2D7C62B8A1A51646F856F2EF.d.8106700D2814E1DD11EFDF44B940FC39.e.385}]
Capabilities {acceptInsecureCerts: false, browserName: chrome, browserVersion: 149.0.7827.201, chrome: {chromedriverVersion: 149.0.7827.155 (07b52360cc1..., userDataDir: C:\Users\kedar\AppData\Loca...}, fedcm:accounts: true, goog:chromeOptions: {debuggerAddress: localhost:49756}, goog:processID: 33772, networkConnectionEnabled: false, pageLoadStrategy: normal, platformName: windows, proxy: Proxy(), se:cdp: ws://localhost:49756/devtoo..., se:cdpVersion: 149.0.7827.201, setWindowRect: true, strictFileInteractability: false, timeouts: {implicit: 0, pageLoad: 300000, script: 30000}, unhandledPromptBehavior: dismiss and notify, webauthn:extension:credBlob: true, webauthn:extension:largeBlob: true, webauthn:extension:minPinLength: true, webauthn:extension:prf: true, webauthn:virtualAuthenticators: true}
Element: [[ChromeDriver: chrome on windows (2b182b1710823f24854438febe3b21ce)] -&amp;gt; xpath: //a[contains(@href,&amp;apos;information/contact&amp;apos;)]]
Session ID: 2b182b1710823f24854438febe3b21ce">
      <![CDATA[org.openqa.selenium.StaleElementReferenceException: stale element reference: stale element not found
  (Session info: chrome=149.0.7827.201)
For documentation on this error, please visit: https://www.selenium.dev/documentation/webdriver/troubleshooting/errors#staleelementreferenceexception
Build info: version: '4.40.0', revision: 'b3333f1'
System info: os.name: 'Windows 11', os.arch: 'amd64', os.version: '10.0', java.version: '17.0.12'
Driver info: org.openqa.selenium.chrome.ChromeDriver
Command: [2b182b1710823f24854438febe3b21ce, clickElement {id=f.64D8321E2D7C62B8A1A51646F856F2EF.d.8106700D2814E1DD11EFDF44B940FC39.e.385}]
Capabilities {acceptInsecureCerts: false, browserName: chrome, browserVersion: 149.0.7827.201, chrome: {chromedriverVersion: 149.0.7827.155 (07b52360cc1..., userDataDir: C:\Users\kedar\AppData\Loca...}, fedcm:accounts: true, goog:chromeOptions: {debuggerAddress: localhost:49756}, goog:processID: 33772, networkConnectionEnabled: false, pageLoadStrategy: normal, platformName: windows, proxy: Proxy(), se:cdp: ws://localhost:49756/devtoo..., se:cdpVersion: 149.0.7827.201, setWindowRect: true, strictFileInteractability: false, timeouts: {implicit: 0, pageLoad: 300000, script: 30000}, unhandledPromptBehavior: dismiss and notify, webauthn:extension:credBlob: true, webauthn:extension:largeBlob: true, webauthn:extension:minPinLength: true, webauthn:extension:prf: true, webauthn:virtualAuthenticators: true}
Element: [[ChromeDriver: chrome on windows (2b182b1710823f24854438febe3b21ce)] -> xpath: //a[contains(@href,'information/contact')]]
Session ID: 2b182b1710823f24854438febe3b21ce
at org.openqa.selenium.remote.ErrorCodec.decode(ErrorCodec.java:169)
at org.openqa.selenium.remote.codec.w3c.W3CHttpResponseCodec.decode(W3CHttpResponseCodec.java:142)
at org.openqa.selenium.remote.codec.w3c.W3CHttpResponseCodec.decode(W3CHttpResponseCodec.java:49)
at org.openqa.selenium.remote.HttpCommandExecutor.execute(HttpCommandExecutor.java:223)
at org.openqa.selenium.remote.service.DriverCommandExecutor.invokeExecute(DriverCommandExecutor.java:216)
at org.openqa.selenium.remote.service.DriverCommandExecutor.execute(DriverCommandExecutor.java:174)
at org.openqa.selenium.remote.RemoteWebDriver.execute(RemoteWebDriver.java:601)
at org.openqa.selenium.remote.RemoteWebElement.execute(RemoteWebElement.java:223)
at org.openqa.selenium.remote.RemoteWebElement.click(RemoteWebElement.java:76)
at org.openqa.selenium.support.pagefactory.internal.LocatingElementHandler.invoke(LocatingElementHandler.java:51)
at jdk.proxy2/jdk.proxy2.$Proxy32.click(Unknown Source)
at pageObjects.Contact_Page.contact(Contact_Page.java:56)
at testCases.Contact_Test.TC_007(Contact_Test.java:21)
at java.base/java.util.concurrent.Executors$RunnableAdapter.call(Executors.java:539)
at java.base/java.util.concurrent.FutureTask.run(FutureTask.java:264)
at java.base/java.util.concurrent.ThreadPoolExecutor.runWorker(ThreadPoolExecutor.java:1136)
at java.base/java.util.concurrent.ThreadPoolExecutor$Worker.run(ThreadPoolExecutor.java:635)
at java.base/java.lang.Thread.run(Thread.java:842)
... Removed 16 stack frames]]>
    </failure>
  </testcase> <!-- TC_007 -->
  <testcase classname="testCases.Navigation_Test" name="TC_020_Catagory_navigate" time="2.453"/>
  <testcase classname="testCases.Navigation_Test" name="TC_021_Navigate_Home" time="0.585"/>
  <testcase classname="testCases.Register_Test" name="TC_016_Register_Invalid_Credentials" time="2.475"/>
  <testcase classname="testCases.Contact_Test" name="TC_007" time="2.743"/>
  <testcase classname="testCases.Gift_Card_Test" name="TC_024_Buy_Gift_Card" time="3.326"/>
  <testcase classname="testCases.Review_Test" name="TC_022_Post_Review" time="4.959"/>
  <testcase classname="testCases.Review_Test" name="TC_023_Empty_Review" time="0.304"/>
  <testcase classname="testCases.Register_Test" name="TC_017_Empty_Credentials" time="1.737"/>
  <testcase classname="testCases.UI_Smoke_Test" name="TC_027_Open_Cart_logo" time="0.092"/>
  <testcase classname="testCases.UI_Smoke_Test" name="TC_028_Nav_Bar_display" time="0.037"/>
  <testcase classname="testCases.UI_Smoke_Test" name="TC_029_Footer_Display" time="0.035"/>
  <testcase classname="testCases.Gift_Card_Test" name="TC_025_Empty_Credentials" time="1.46"/>
  <testcase classname="testCases.Contact_Test" name="TC_007" time="2.455"/>
  <testcase classname="testCases.Register_Test" name="TC_018_Password_Mismatched" time="1.37"/>
  <testcase classname="testCases.Gift_Card_Test" name="TC_026_Wrong_Mail" time="1.034"/>
  <testcase classname="testCases.Register_Test" name="TC_019_Privacy_Policy_not_accepted" time="1.307"/>
  <testcase classname="testCases.UI_Smoke_Test" name="TC_030_Swiper1_Display" time="2.825"/>
  <testcase classname="testCases.UI_Smoke_Test" name="TC_032_Search_box_Display" time="0.016"/>
  <testcase classname="testCases.UI_Smoke_Test" name="TC_033_Search_Button_Display" time="0.017"/>
  <testcase classname="testCases.Contact_Test" name="TC_007" time="3.841"/>
</testsuite> <!-- Test -->
