<?xml version="1.0" encoding="UTF-8"?>
<!-- Generated by org.testng.reporters.JUnitXMLReporter -->
<testsuite ignored="0" hostname="KEDARRAJE" failures="1" tests="33" name="Test" time="30.84" errors="0" timestamp="2026-07-10T21:09:59 IST">
  <testcase classname="testCases.Login_Test" name="TC_003" time="3.522"/>
  <testcase classname="testCases.Search_Test" name="TC_011_Empty_Search" time="4.973"/>
  <testcase classname="testCases.Login_Test" name="TC_002" time="2.204"/>
  <testcase classname="testCases.Search_Test" name="TC_012_Search_Special_Char" time="1.432"/>
  <testcase classname="testCases.Search_Test" name="TC_013_Partial_name" time="1.8"/>
  <testcase classname="testCases.Wishlist_Test" name="TC_005_add_wish" time="7.959"/>
  <testcase classname="testCases.Checkout_Test" name="TC_010_CheckOut_Item" time="9.0"/>
  <testcase classname="testCases.Search_Test" name="TC_014_Non_Existing_Product" time="1.441"/>
  <testcase classname="testCases.Wishlist_Test" name="TC_006_remove_wish" time="0.979"/>
  <testcase classname="testCases.Contact_Test" name="TC_007" time="6.991"/>
  <testcase classname="testCases.Register_Test" name="TC_015_Register_Existing_Credential" time="4.975"/>
  <testcase classname="testCases.Navigation_Test" name="TC_020_Catagory_navigate" time="3.193"/>
  <testcase classname="testCases.Contact_Test" name="TC_007" time="5.667"/>
  <testcase classname="testCases.Navigation_Test" name="TC_021_Navigate_Home" time="0.766"/>
  <testcase classname="testCases.Register_Test" name="TC_016_Register_Invalid_Credentials" time="3.476"/>
  <testcase classname="testCases.Gift_Card_Test" name="TC_024_Buy_Gift_Card" time="4.826"/>
  <testcase classname="testCases.Review_Test" name="TC_022_Post_Review" time="6.598"/>
  <testcase classname="testCases.UI_Smoke_Test" name="TC_027_Open_Cart_logo" time="0.08"/>
  <testcase classname="testCases.UI_Smoke_Test" name="TC_028_Nav_Bar_display" time="0.073"/>
  <testcase classname="testCases.UI_Smoke_Test" name="TC_029_Footer_Display" time="0.045"/>
  <testcase classname="testCases.Register_Test" name="TC_017_Empty_Credentials" time="2.5"/>
  <testcase classname="testCases.Review_Test" name="TC_023_Empty_Review" time="0.673"/>
  <testcase classname="testCases.Gift_Card_Test" name="TC_025_Empty_Credentials" time="2.329"/>
  <testcase classname="testCases.Contact_Test" name="TC_007" time="4.164"/>
  <testcase classname="testCases.Gift_Card_Test" name="TC_026_Wrong_Mail" time="1.377"/>
  <testcase classname="testCases.Register_Test" name="TC_018_Password_Mismatched" time="1.751"/>
  <testcase classname="testCases.UI_Smoke_Test" name="TC_030_Swiper1_Display" time="3.023"/>
  <testcase classname="testCases.Contact_Test" name="TC_007" time="2.13"/>
  <testcase classname="testCases.Register_Test" name="TC_019_Privacy_Policy_not_accepted" time="1.425"/>
  <testcase classname="testCases.UI_Smoke_Test" name="TC_031_Swiper2_Display" time="2.75">
    <failure type="java.lang.AssertionError" message="expected [true] but found [false]">
      <![CDATA[java.lang.AssertionError: expected [true] but found [false]
at testCases.UI_Smoke_Test.TC_031_Swiper2_Display(UI_Smoke_Test.java:38)
at java.base/java.util.concurrent.Executors$RunnableAdapter.call(Executors.java:572)
at java.base/java.util.concurrent.FutureTask.run(FutureTask.java:317)
at java.base/java.util.concurrent.ThreadPoolExecutor.runWorker(ThreadPoolExecutor.java:1144)
at java.base/java.util.concurrent.ThreadPoolExecutor$Worker.run(ThreadPoolExecutor.java:642)
at java.base/java.lang.Thread.run(Thread.java:1583)
... Removed 18 stack frames]]>
    </failure>
  </testcase> <!-- TC_031_Swiper2_Display -->
  <testcase classname="testCases.UI_Smoke_Test" name="TC_032_Search_box_Display" time="0.023"/>
  <testcase classname="testCases.UI_Smoke_Test" name="TC_033_Search_Button_Display" time="0.029"/>
  <testcase classname="testCases.Contact_Test" name="TC_007" time="3.564"/>
</testsuite> <!-- Test -->
