<?xml version="1.0" encoding="UTF-8"?>
<testsuite xmlns:xsi="http://www.w3.org/2001/XMLSchema-instance" xsi:noNamespaceSchemaLocation="https://maven.apache.org/surefire/maven-surefire-plugin/xsd/surefire-test-report.xsd" version="3.0.2" name="TestSuite" time="31.686" tests="33" errors="0" skipped="0" failures="1">
  <properties>
[...]
</properties>
  <testcase name="TC_003" classname="testCases.Login_Test" time="2.82">
    <system-err><![CDATA[SLF4J(W): No SLF4J providers were found.
SLF4J(W): Defaulting to no-operation (NOP) logger implementation
SLF4J(W): See https://www.slf4j.org/codes.html#noProviders for further details.
SLF4J(W): Class path contains SLF4J bindings targeting slf4j-api versions 1.7.x or earlier.
SLF4J(W): Ignoring binding found at [jar:file:/C:/Users/kedar/.m2/repository/org/apache/logging/log4j/log4j-slf4j-impl/2.26.0/log4j-slf4j-impl-2.26.0.jar!/org/slf4j/impl/StaticLoggerBinder.class]
SLF4J(W): See https://www.slf4j.org/codes.html#ignoredBindings for an explanation.
Jul 10, 2026 9:09:31 PM org.openqa.selenium.devtools.CdpVersionFinder findNearestMatch
WARNING: Unable to find CDP implementation matching 149
Jul 10, 2026 9:09:31 PM org.openqa.selenium.devtools.CdpVersionFinder findNearestMatch
WARNING: Unable to find CDP implementation matching 149
Jul 10, 2026 9:09:31 PM org.openqa.selenium.devtools.CdpVersionFinder findNearestMatch
WARNING: Unable to find CDP implementation matching 149
Jul 10, 2026 9:09:31 PM org.openqa.selenium.devtools.CdpVersionFinder findNearestMatch
WARNING: Unable to find CDP implementation matching 149
Jul 10, 2026 9:09:31 PM org.openqa.selenium.chromium.ChromiumDriver lambda$new$4
WARNING: Unable to find version of CDP to use for 149.0.7827.201. You may need to include a dependency on a specific version of the CDP using something similar to `org.seleniumhq.selenium:selenium-devtools-v86:4.40.0` where the version ("v86") matches the version of the chromium-based browser you're using and the version number of the artifact is the same as Selenium's.
Jul 10, 2026 9:09:31 PM org.openqa.selenium.devtools.CdpVersionFinder findNearestMatch
WARNING: Unable to find CDP implementation matching 149
Jul 10, 2026 9:09:31 PM org.openqa.selenium.chromium.ChromiumDriver lambda$new$4
WARNING: Unable to find version of CDP to use for 149.0.7827.201. You may need to include a dependency on a specific version of the CDP using something similar to `org.seleniumhq.selenium:selenium-devtools-v86:4.40.0` where the version ("v86") matches the version of the chromium-based browser you're using and the version number of the artifact is the same as Selenium's.
Jul 10, 2026 9:09:31 PM org.openqa.selenium.chromium.ChromiumDriver lambda$new$4
WARNING: Unable to find version of CDP to use for 149.0.7827.201. You may need to include a dependency on a specific version of the CDP using something similar to `org.seleniumhq.selenium:selenium-devtools-v86:4.40.0` where the version ("v86") matches the version of the chromium-based browser you're using and the version number of the artifact is the same as Selenium's.
Jul 10, 2026 9:09:31 PM org.openqa.selenium.chromium.ChromiumDriver lambda$new$4
WARNING: Unable to find version of CDP to use for 149.0.7827.201. You may need to include a dependency on a specific version of the CDP using something similar to `org.seleniumhq.selenium:selenium-devtools-v86:4.40.0` where the version ("v86") matches the version of the chromium-based browser you're using and the version number of the artifact is the same as Selenium's.
Jul 10, 2026 9:09:31 PM org.openqa.selenium.chromium.ChromiumDriver lambda$new$4
WARNING: Unable to find version of CDP to use for 149.0.7827.201. You may need to include a dependency on a specific version of the CDP using something similar to `org.seleniumhq.selenium:selenium-devtools-v86:4.40.0` where the version ("v86") matches the version of the chromium-based browser you're using and the version number of the artifact is the same as Selenium's.
]]></system-err>
  </testcase>
  <testcase name="TC_002" classname="testCases.Login_Test" time="0.956"/>
  <testcase name="TC_011_Empty_Search" classname="testCases.Search_Test" time="1.078"/>
  <testcase name="TC_012_Search_Special_Char" classname="testCases.Search_Test" time="1.433"/>
  <testcase name="TC_013_Partial_name" classname="testCases.Search_Test" time="1.8">
    <system-err><![CDATA[Jul 10, 2026 9:09:41 PM org.openqa.selenium.devtools.CdpVersionFinder findNearestMatch
WARNING: Unable to find CDP implementation matching 149
Jul 10, 2026 9:09:41 PM org.openqa.selenium.chromium.ChromiumDriver lambda$new$4
WARNING: Unable to find version of CDP to use for 149.0.7827.201. You may need to include a dependency on a specific version of the CDP using something similar to `org.seleniumhq.selenium:selenium-devtools-v86:4.40.0` where the version ("v86") matches the version of the chromium-based browser you're using and the version number of the artifact is the same as Selenium's.
]]></system-err>
  </testcase>
  <testcase name="TC_014_Non_Existing_Product" classname="testCases.Search_Test" time="0.625"/>
  <testcase name="TC_005_add_wish" classname="testCases.Wishlist_Test" time="0.654"/>
  <testcase name="TC_006_remove_wish" classname="testCases.Wishlist_Test" time="0.817"/>
  <testcase name="TC_010_CheckOut_Item" classname="testCases.Checkout_Test" time="0.163"/>
  <testcase name="TC_007[product replace hoga? Nahi toh kya kare?, valid](1)" classname="testCases.Contact_Test" time="1.861"/>
  <testcase name="TC_007[l, invalid](2)" classname="testCases.Contact_Test" time="0.694"/>
  <testcase name="TC_007[fhfhf, invalid](3)" classname="testCases.Contact_Test" time="0.553"/>
  <testcase name="TC_007[3, invalid](4)" classname="testCases.Contact_Test" time="0.012"/>
  <testcase name="TC_007[3.33333E+11, valid](5)" classname="testCases.Contact_Test" time="0.797"/>
  <testcase name="TC_015_Register_Existing_Credential" classname="testCases.Register_Test" time="0.993">
    <system-err><![CDATA[Jul 10, 2026 9:09:43 PM org.openqa.selenium.devtools.CdpVersionFinder findNearestMatch
WARNING: Unable to find CDP implementation matching 149
Jul 10, 2026 9:09:43 PM org.openqa.selenium.chromium.ChromiumDriver lambda$new$4
WARNING: Unable to find version of CDP to use for 149.0.7827.201. You may need to include a dependency on a specific version of the CDP using something similar to `org.seleniumhq.selenium:selenium-devtools-v86:4.40.0` where the version ("v86") matches the version of the chromium-based browser you're using and the version number of the artifact is the same as Selenium's.
Jul 10, 2026 9:09:44 PM org.openqa.selenium.devtools.CdpVersionFinder findNearestMatch
WARNING: Unable to find CDP implementation matching 149
Jul 10, 2026 9:09:44 PM org.openqa.selenium.chromium.ChromiumDriver lambda$new$4
WARNING: Unable to find version of CDP to use for 149.0.7827.201. You may need to include a dependency on a specific version of the CDP using something similar to `org.seleniumhq.selenium:selenium-devtools-v86:4.40.0` where the version ("v86") matches the version of the chromium-based browser you're using and the version number of the artifact is the same as Selenium's.
Jul 10, 2026 9:09:44 PM org.openqa.selenium.devtools.CdpVersionFinder findNearestMatch
WARNING: Unable to find CDP implementation matching 149
Jul 10, 2026 9:09:44 PM org.openqa.selenium.chromium.ChromiumDriver lambda$new$4
WARNING: Unable to find version of CDP to use for 149.0.7827.201. You may need to include a dependency on a specific version of the CDP using something similar to `org.seleniumhq.selenium:selenium-devtools-v86:4.40.0` where the version ("v86") matches the version of the chromium-based browser you're using and the version number of the artifact is the same as Selenium's.
]]></system-err>
  </testcase>
  <testcase name="TC_016_Register_Invalid_Credentials" classname="testCases.Register_Test" time="0.927"/>
  <testcase name="TC_017_Empty_Credentials" classname="testCases.Register_Test" time="0.171"/>
  <testcase name="TC_018_Password_Mismatched" classname="testCases.Register_Test" time="1.017"/>
  <testcase name="TC_019_Privacy_Policy_not_accepted" classname="testCases.Register_Test" time="0.314"/>
  <testcase name="TC_020_Catagory_navigate" classname="testCases.Navigation_Test" time="1.853"/>
  <testcase name="TC_021_Navigate_Home" classname="testCases.Navigation_Test" time="0.072"/>
  <testcase name="TC_024_Buy_Gift_Card" classname="testCases.Gift_Card_Test" time="0.351"/>
  <testcase name="TC_025_Empty_Credentials" classname="testCases.Gift_Card_Test" time="0.18"/>
  <testcase name="TC_026_Wrong_Mail" classname="testCases.Gift_Card_Test" time="0.823"/>
  <testcase name="TC_022_Post_Review" classname="testCases.Review_Test" time="1.558">
    <system-err><![CDATA[Jul 10, 2026 9:09:51 PM org.openqa.selenium.devtools.CdpVersionFinder findNearestMatch
WARNING: Unable to find CDP implementation matching 149
Jul 10, 2026 9:09:51 PM org.openqa.selenium.chromium.ChromiumDriver lambda$new$4
WARNING: Unable to find version of CDP to use for 149.0.7827.201. You may need to include a dependency on a specific version of the CDP using something similar to `org.seleniumhq.selenium:selenium-devtools-v86:4.40.0` where the version ("v86") matches the version of the chromium-based browser you're using and the version number of the artifact is the same as Selenium's.
]]></system-err>
  </testcase>
  <testcase name="TC_023_Empty_Review" classname="testCases.Review_Test" time="0.083"/>
  <testcase name="TC_027_Open_Cart_logo" classname="testCases.UI_Smoke_Test" time="0.081"/>
  <testcase name="TC_028_Nav_Bar_display" classname="testCases.UI_Smoke_Test" time="0.073"/>
  <testcase name="TC_029_Footer_Display" classname="testCases.UI_Smoke_Test" time="0.045"/>
  <testcase name="TC_030_Swiper1_Display" classname="testCases.UI_Smoke_Test" time="1.098"/>
  <testcase name="TC_031_Swiper2_Display" classname="testCases.UI_Smoke_Test" time="2.743">
    <failure message="expected [true] but found [false]" type="java.lang.AssertionError"><![CDATA[java.lang.AssertionError: expected [true] but found [false]
	at org.testng.Assert.fail(Assert.java:111)
	at org.testng.Assert.failNotEquals(Assert.java:1590)
	at org.testng.Assert.assertEqualsImpl(Assert.java:150)
	at org.testng.Assert.assertEquals(Assert.java:132)
	at org.testng.Assert.assertEquals(Assert.java:1079)
	at org.testng.Assert.assertEquals(Assert.java:1043)
	at org.testng.Assert.assertEquals(Assert.java:1089)
	at testCases.UI_Smoke_Test.TC_031_Swiper2_Display(UI_Smoke_Test.java:38)
	at java.base/jdk.internal.reflect.DirectMethodHandleAccessor.invoke(DirectMethodHandleAccessor.java:103)
	at java.base/java.lang.reflect.Method.invoke(Method.java:580)
	at org.testng.internal.invokers.MethodInvocationHelper.invokeMethod(MethodInvocationHelper.java:141)
	at org.testng.internal.invokers.TestInvoker.invokeMethod(TestInvoker.java:687)
	at org.testng.internal.invokers.TestInvoker.invokeTestMethod(TestInvoker.java:230)
	at org.testng.internal.invokers.MethodRunner.runInSequence(MethodRunner.java:63)
	at org.testng.internal.invokers.TestInvoker$MethodInvocationAgent.invoke(TestInvoker.java:995)
	at org.testng.internal.invokers.TestInvoker.invokeTestMethods(TestInvoker.java:203)
	at org.testng.internal.invokers.TestMethodWorker.invokeTestMethods(TestMethodWorker.java:154)
	at org.testng.internal.invokers.TestMethodWorker.run(TestMethodWorker.java:134)
	at java.base/java.util.concurrent.Executors$RunnableAdapter.call(Executors.java:572)
	at java.base/java.util.concurrent.FutureTask.run(FutureTask.java:317)
	at org.testng.internal.thread.graph.TestNGFutureTask.run(TestNGFutureTask.java:22)
	at java.base/java.util.concurrent.ThreadPoolExecutor.runWorker(ThreadPoolExecutor.java:1144)
	at java.base/java.util.concurrent.ThreadPoolExecutor$Worker.run(ThreadPoolExecutor.java:642)
	at java.base/java.lang.Thread.run(Thread.java:1583)
]]></failure>
  </testcase>
  <testcase name="TC_032_Search_box_Display" classname="testCases.UI_Smoke_Test" time="0.024"/>
  <testcase name="TC_033_Search_Button_Display" classname="testCases.UI_Smoke_Test" time="0.03"/>
</testsuite>