<?xml version="1.0" encoding="UTF-8"?>
<testng-results ignored="0" total="33" passed="32" failed="1" skipped="0">
  <reporter-output>
  </reporter-output>
  <suite started-at="2026-07-10T21:09:28 IST" name="Suite" finished-at="2026-07-10T21:09:59 IST" duration-ms="30840">
    <groups>
      <group name="regression">
        <method signature="Checkout_Test.TC_010_CheckOut_Item()[pri:0, instance:testCases.Checkout_Test@78691363]" name="TC_010_CheckOut_Item" class="testCases.Checkout_Test"/>
        <method signature="UI_Smoke_Test.TC_027_Open_Cart_logo()[pri:1, instance:testCases.UI_Smoke_Test@41d477ed]" name="TC_027_Open_Cart_logo" class="testCases.UI_Smoke_Test"/>
        <method signature="UI_Smoke_Test.TC_028_Nav_Bar_display()[pri:2, instance:testCases.UI_Smoke_Test@41d477ed]" name="TC_028_Nav_Bar_display" class="testCases.UI_Smoke_Test"/>
        <method signature="UI_Smoke_Test.TC_029_Footer_Display()[pri:3, instance:testCases.UI_Smoke_Test@41d477ed]" name="TC_029_Footer_Display" class="testCases.UI_Smoke_Test"/>
        <method signature="UI_Smoke_Test.TC_030_Swiper1_Display()[pri:4, instance:testCases.UI_Smoke_Test@41d477ed]" name="TC_030_Swiper1_Display" class="testCases.UI_Smoke_Test"/>
        <method signature="UI_Smoke_Test.TC_031_Swiper2_Display()[pri:5, instance:testCases.UI_Smoke_Test@41d477ed]" name="TC_031_Swiper2_Display" class="testCases.UI_Smoke_Test"/>
        <method signature="UI_Smoke_Test.TC_032_Search_box_Display()[pri:6, instance:testCases.UI_Smoke_Test@41d477ed]" name="TC_032_Search_box_Display" class="testCases.UI_Smoke_Test"/>
        <method signature="UI_Smoke_Test.TC_033_Search_Button_Display()[pri:7, instance:testCases.UI_Smoke_Test@41d477ed]" name="TC_033_Search_Button_Display" class="testCases.UI_Smoke_Test"/>
      </group> <!-- regression -->
      <group name="smoke">
        <method signature="Checkout_Test.TC_010_CheckOut_Item()[pri:0, instance:testCases.Checkout_Test@78691363]" name="TC_010_CheckOut_Item" class="testCases.Checkout_Test"/>
        <method signature="UI_Smoke_Test.TC_027_Open_Cart_logo()[pri:1, instance:testCases.UI_Smoke_Test@41d477ed]" name="TC_027_Open_Cart_logo" class="testCases.UI_Smoke_Test"/>
        <method signature="UI_Smoke_Test.TC_028_Nav_Bar_display()[pri:2, instance:testCases.UI_Smoke_Test@41d477ed]" name="TC_028_Nav_Bar_display" class="testCases.UI_Smoke_Test"/>
        <method signature="UI_Smoke_Test.TC_029_Footer_Display()[pri:3, instance:testCases.UI_Smoke_Test@41d477ed]" name="TC_029_Footer_Display" class="testCases.UI_Smoke_Test"/>
        <method signature="UI_Smoke_Test.TC_030_Swiper1_Display()[pri:4, instance:testCases.UI_Smoke_Test@41d477ed]" name="TC_030_Swiper1_Display" class="testCases.UI_Smoke_Test"/>
        <method signature="UI_Smoke_Test.TC_031_Swiper2_Display()[pri:5, instance:testCases.UI_Smoke_Test@41d477ed]" name="TC_031_Swiper2_Display" class="testCases.UI_Smoke_Test"/>
        <method signature="UI_Smoke_Test.TC_032_Search_box_Display()[pri:6, instance:testCases.UI_Smoke_Test@41d477ed]" name="TC_032_Search_box_Display" class="testCases.UI_Smoke_Test"/>
        <method signature="UI_Smoke_Test.TC_033_Search_Button_Display()[pri:7, instance:testCases.UI_Smoke_Test@41d477ed]" name="TC_033_Search_Button_Display" class="testCases.UI_Smoke_Test"/>
      </group> <!-- smoke -->
      <group name="sanity">
        <method signature="Checkout_Test.TC_010_CheckOut_Item()[pri:0, instance:testCases.Checkout_Test@78691363]" name="TC_010_CheckOut_Item" class="testCases.Checkout_Test"/>
      </group> <!-- sanity -->
    </groups>
    <test started-at="2026-07-10T21:09:28 IST" name="Test" finished-at="2026-07-10T21:09:59 IST" duration-ms="30840">
      <class name="testCases.Wishlist_Test">
        <test-method is-config="true" signature="setup(java.lang.String,java.lang.String)[pri:0, instance:testCases.Wishlist_Test@34123d65]" started-at="2026-07-10T21:09:29 IST" name="setup" finished-at="2026-07-10T21:09:33 IST" duration-ms="4927" status="PASS">
          <params>
            <param index="0">
              <value>
                <![CDATA[windows]]>
              </value>
            </param>
            <param index="1">
              <value>
                <![CDATA[chrome]]>
              </value>
            </param>
          </params>
          <reporter-output>
          </reporter-output>
        </test-method> <!-- setup -->
        <test-method signature="TC_005_add_wish()[pri:1, instance:testCases.Wishlist_Test@34123d65]" started-at="2026-07-10T21:09:33 IST" name="TC_005_add_wish" finished-at="2026-07-10T21:09:41 IST" duration-ms="7959" status="PASS">
          <reporter-output>
          </reporter-output>
        </test-method> <!-- TC_005_add_wish -->
        <test-method signature="TC_006_remove_wish()[pri:2, instance:testCases.Wishlist_Test@34123d65]" started-at="2026-07-10T21:09:41 IST" name="TC_006_remove_wish" finished-at="2026-07-10T21:09:42 IST" duration-ms="979" status="PASS">
          <reporter-output>
          </reporter-output>
        </test-method> <!-- TC_006_remove_wish -->
        <test-method is-config="true" signature="tear()[pri:0, instance:testCases.Wishlist_Test@34123d65]" started-at="2026-07-10T21:09:42 IST" name="tear" finished-at="2026-07-10T21:09:43 IST" duration-ms="285" status="PASS">
          <reporter-output>
          </reporter-output>
        </test-method> <!-- tear -->
      </class> <!-- testCases.Wishlist_Test -->
      <class name="testCases.Checkout_Test">
        <test-method is-config="true" signature="setup(java.lang.String,java.lang.String)[pri:0, instance:testCases.Checkout_Test@78691363]" started-at="2026-07-10T21:09:29 IST" name="setup" finished-at="2026-07-10T21:09:33 IST" duration-ms="4204" status="PASS">
          <params>
            <param index="0">
              <value>
                <![CDATA[windows]]>
              </value>
            </param>
            <param index="1">
              <value>
                <![CDATA[chrome]]>
              </value>
            </param>
          </params>
          <reporter-output>
          </reporter-output>
        </test-method> <!-- setup -->
        <test-method signature="TC_010_CheckOut_Item()[pri:0, instance:testCases.Checkout_Test@78691363]" started-at="2026-07-10T21:09:33 IST" name="TC_010_CheckOut_Item" finished-at="2026-07-10T21:09:42 IST" duration-ms="9000" status="PASS">
          <reporter-output>
          </reporter-output>
        </test-method> <!-- TC_010_CheckOut_Item -->
        <test-method is-config="true" signature="tear()[pri:0, instance:testCases.Checkout_Test@78691363]" started-at="2026-07-10T21:09:42 IST" name="tear" finished-at="2026-07-10T21:09:42 IST" duration-ms="342" status="PASS">
          <reporter-output>
          </reporter-output>
        </test-method> <!-- tear -->
      </class> <!-- testCases.Checkout_Test -->
      <class name="testCases.Register_Test">
        <test-method is-config="true" signature="setup()[pri:0, instance:testCases.Register_Test@7b98f307]" started-at="2026-07-10T21:09:39 IST" name="setup" finished-at="2026-07-10T21:09:42 IST" duration-ms="2590" status="PASS">
          <reporter-output>
          </reporter-output>
        </test-method> <!-- setup -->
        <test-method signature="TC_015_Register_Existing_Credential()[pri:1, instance:testCases.Register_Test@7b98f307]" started-at="2026-07-10T21:09:42 IST" name="TC_015_Register_Existing_Credential" finished-at="2026-07-10T21:09:47 IST" duration-ms="4975" status="PASS">
          <reporter-output>
          </reporter-output>
        </test-method> <!-- TC_015_Register_Existing_Credential -->
        <test-method signature="TC_016_Register_Invalid_Credentials()[pri:2, instance:testCases.Register_Test@7b98f307]" started-at="2026-07-10T21:09:47 IST" name="TC_016_Register_Invalid_Credentials" finished-at="2026-07-10T21:09:50 IST" duration-ms="3476" status="PASS">
          <reporter-output>
          </reporter-output>
        </test-method> <!-- TC_016_Register_Invalid_Credentials -->
        <test-method signature="TC_017_Empty_Credentials()[pri:3, instance:testCases.Register_Test@7b98f307]" started-at="2026-07-10T21:09:50 IST" name="TC_017_Empty_Credentials" finished-at="2026-07-10T21:09:53 IST" duration-ms="2500" status="PASS">
          <reporter-output>
          </reporter-output>
        </test-method> <!-- TC_017_Empty_Credentials -->
        <test-method signature="TC_018_Password_Mismatched()[pri:4, instance:testCases.Register_Test@7b98f307]" started-at="2026-07-10T21:09:53 IST" name="TC_018_Password_Mismatched" finished-at="2026-07-10T21:09:54 IST" duration-ms="1751" status="PASS">
          <reporter-output>
          </reporter-output>
        </test-method> <!-- TC_018_Password_Mismatched -->
        <test-method signature="TC_019_Privacy_Policy_not_accepted()[pri:5, instance:testCases.Register_Test@7b98f307]" started-at="2026-07-10T21:09:54 IST" name="TC_019_Privacy_Policy_not_accepted" finished-at="2026-07-10T21:09:56 IST" duration-ms="1425" status="PASS">
          <reporter-output>
          </reporter-output>
        </test-method> <!-- TC_019_Privacy_Policy_not_accepted -->
        <test-method is-config="true" signature="Close()[pri:0, instance:testCases.Register_Test@7b98f307]" started-at="2026-07-10T21:09:56 IST" name="Close" finished-at="2026-07-10T21:09:56 IST" duration-ms="200" status="PASS">
          <reporter-output>
          </reporter-output>
        </test-method> <!-- Close -->
      </class> <!-- testCases.Register_Test -->
      <class name="testCases.Login_Test">
        <test-method is-config="true" signature="setup(java.lang.String,java.lang.String)[pri:0, instance:testCases.Login_Test@4218d6a3]" started-at="2026-07-10T21:09:29 IST" name="setup" finished-at="2026-07-10T21:09:33 IST" duration-ms="4193" status="PASS">
          <params>
            <param index="0">
              <value>
                <![CDATA[windows]]>
              </value>
            </param>
            <param index="1">
              <value>
                <![CDATA[chrome]]>
              </value>
            </param>
          </params>
          <reporter-output>
          </reporter-output>
        </test-method> <!-- setup -->
        <test-method signature="TC_003()[pri:1, instance:testCases.Login_Test@4218d6a3]" started-at="2026-07-10T21:09:33 IST" name="TC_003" finished-at="2026-07-10T21:09:36 IST" duration-ms="3522" status="PASS">
          <reporter-output>
          </reporter-output>
        </test-method> <!-- TC_003 -->
        <test-method signature="TC_002()[pri:2, instance:testCases.Login_Test@4218d6a3]" started-at="2026-07-10T21:09:36 IST" name="TC_002" finished-at="2026-07-10T21:09:38 IST" duration-ms="2204" status="PASS">
          <reporter-output>
          </reporter-output>
        </test-method> <!-- TC_002 -->
        <test-method is-config="true" signature="tear()[pri:0, instance:testCases.Login_Test@4218d6a3]" started-at="2026-07-10T21:09:38 IST" name="tear" finished-at="2026-07-10T21:09:39 IST" duration-ms="498" status="PASS">
          <reporter-output>
          </reporter-output>
        </test-method> <!-- tear -->
      </class> <!-- testCases.Login_Test -->
      <class name="testCases.Review_Test">
        <test-method is-config="true" signature="setup(java.lang.String,java.lang.String)[pri:0, instance:testCases.Review_Test@59474f18]" started-at="2026-07-10T21:09:43 IST" name="setup" finished-at="2026-07-10T21:09:45 IST" duration-ms="2810" status="PASS">
          <params>
            <param index="0">
              <value>
                <![CDATA[windows]]>
              </value>
            </param>
            <param index="1">
              <value>
                <![CDATA[chrome]]>
              </value>
            </param>
          </params>
          <reporter-output>
          </reporter-output>
        </test-method> <!-- setup -->
        <test-method signature="TC_022_Post_Review()[pri:1, instance:testCases.Review_Test@59474f18]" started-at="2026-07-10T21:09:45 IST" name="TC_022_Post_Review" finished-at="2026-07-10T21:09:52 IST" duration-ms="6598" status="PASS">
          <reporter-output>
          </reporter-output>
        </test-method> <!-- TC_022_Post_Review -->
        <test-method signature="TC_023_Empty_Review()[pri:2, instance:testCases.Review_Test@59474f18]" started-at="2026-07-10T21:09:52 IST" name="TC_023_Empty_Review" finished-at="2026-07-10T21:09:53 IST" duration-ms="673" status="PASS">
          <reporter-output>
          </reporter-output>
        </test-method> <!-- TC_023_Empty_Review -->
        <test-method is-config="true" signature="tear()[pri:0, instance:testCases.Review_Test@59474f18]" started-at="2026-07-10T21:09:53 IST" name="tear" finished-at="2026-07-10T21:09:53 IST" duration-ms="379" status="PASS">
          <reporter-output>
          </reporter-output>
        </test-method> <!-- tear -->
      </class> <!-- testCases.Review_Test -->
      <class name="testCases.Gift_Card_Test">
        <test-method is-config="true" signature="setup(java.lang.String,java.lang.String)[pri:0, instance:testCases.Gift_Card_Test@3e694b3f]" started-at="2026-07-10T21:09:43 IST" name="setup" finished-at="2026-07-10T21:09:46 IST" duration-ms="2874" status="PASS">
          <params>
            <param index="0">
              <value>
                <![CDATA[windows]]>
              </value>
            </param>
            <param index="1">
              <value>
                <![CDATA[chrome]]>
              </value>
            </param>
          </params>
          <reporter-output>
          </reporter-output>
        </test-method> <!-- setup -->
        <test-method signature="TC_024_Buy_Gift_Card()[pri:1, instance:testCases.Gift_Card_Test@3e694b3f]" started-at="2026-07-10T21:09:46 IST" name="TC_024_Buy_Gift_Card" finished-at="2026-07-10T21:09:50 IST" duration-ms="4826" status="PASS">
          <reporter-output>
          </reporter-output>
        </test-method> <!-- TC_024_Buy_Gift_Card -->
        <test-method signature="TC_025_Empty_Credentials()[pri:2, instance:testCases.Gift_Card_Test@3e694b3f]" started-at="2026-07-10T21:09:50 IST" name="TC_025_Empty_Credentials" finished-at="2026-07-10T21:09:53 IST" duration-ms="2329" status="PASS">
          <reporter-output>
          </reporter-output>
        </test-method> <!-- TC_025_Empty_Credentials -->
        <test-method signature="TC_026_Wrong_Mail()[pri:3, instance:testCases.Gift_Card_Test@3e694b3f]" started-at="2026-07-10T21:09:53 IST" name="TC_026_Wrong_Mail" finished-at="2026-07-10T21:09:54 IST" duration-ms="1377" status="PASS">
          <reporter-output>
          </reporter-output>
        </test-method> <!-- TC_026_Wrong_Mail -->
        <test-method is-config="true" signature="tear()[pri:0, instance:testCases.Gift_Card_Test@3e694b3f]" started-at="2026-07-10T21:09:54 IST" name="tear" finished-at="2026-07-10T21:09:54 IST" duration-ms="274" status="PASS">
          <reporter-output>
          </reporter-output>
        </test-method> <!-- tear -->
      </class> <!-- testCases.Gift_Card_Test -->
      <class name="testCases.Search_Test">
        <test-method is-config="true" signature="setup(java.lang.String,java.lang.String)[pri:0, instance:testCases.Search_Test@4802796d]" started-at="2026-07-10T21:09:29 IST" name="setup" finished-at="2026-07-10T21:09:32 IST" duration-ms="3970" status="PASS">
          <params>
            <param index="0">
              <value>
                <![CDATA[windows]]>
              </value>
            </param>
            <param index="1">
              <value>
                <![CDATA[chrome]]>
              </value>
            </param>
          </params>
          <reporter-output>
          </reporter-output>
        </test-method> <!-- setup -->
        <test-method signature="TC_011_Empty_Search()[pri:1, instance:testCases.Search_Test@4802796d]" started-at="2026-07-10T21:09:33 IST" name="TC_011_Empty_Search" finished-at="2026-07-10T21:09:38 IST" duration-ms="4973" status="PASS">
          <reporter-output>
          </reporter-output>
        </test-method> <!-- TC_011_Empty_Search -->
        <test-method signature="TC_012_Search_Special_Char()[pri:2, instance:testCases.Search_Test@4802796d]" started-at="2026-07-10T21:09:38 IST" name="TC_012_Search_Special_Char" finished-at="2026-07-10T21:09:39 IST" duration-ms="1432" status="PASS">
          <reporter-output>
          </reporter-output>
        </test-method> <!-- TC_012_Search_Special_Char -->
        <test-method signature="TC_013_Partial_name()[pri:3, instance:testCases.Search_Test@4802796d]" started-at="2026-07-10T21:09:39 IST" name="TC_013_Partial_name" finished-at="2026-07-10T21:09:41 IST" duration-ms="1800" status="PASS">
          <reporter-output>
          </reporter-output>
        </test-method> <!-- TC_013_Partial_name -->
        <test-method signature="TC_014_Non_Existing_Product()[pri:4, instance:testCases.Search_Test@4802796d]" started-at="2026-07-10T21:09:41 IST" name="TC_014_Non_Existing_Product" finished-at="2026-07-10T21:09:42 IST" duration-ms="1441" status="PASS">
          <reporter-output>
          </reporter-output>
        </test-method> <!-- TC_014_Non_Existing_Product -->
        <test-method is-config="true" signature="tear()[pri:0, instance:testCases.Search_Test@4802796d]" started-at="2026-07-10T21:09:42 IST" name="tear" finished-at="2026-07-10T21:09:43 IST" duration-ms="328" status="PASS">
          <reporter-output>
          </reporter-output>
        </test-method> <!-- tear -->
      </class> <!-- testCases.Search_Test -->
      <class name="testCases.Navigation_Test">
        <test-method is-config="true" signature="setup(java.lang.String,java.lang.String)[pri:0, instance:testCases.Navigation_Test@65fb9ffc]" started-at="2026-07-10T21:09:42 IST" name="setup" finished-at="2026-07-10T21:09:45 IST" duration-ms="3118" status="PASS">
          <params>
            <param index="0">
              <value>
                <![CDATA[windows]]>
              </value>
            </param>
            <param index="1">
              <value>
                <![CDATA[chrome]]>
              </value>
            </param>
          </params>
          <reporter-output>
          </reporter-output>
        </test-method> <!-- setup -->
        <test-method signature="TC_020_Catagory_navigate()[pri:1, instance:testCases.Navigation_Test@65fb9ffc]" started-at="2026-07-10T21:09:45 IST" name="TC_020_Catagory_navigate" finished-at="2026-07-10T21:09:48 IST" duration-ms="3193" status="PASS">
          <reporter-output>
          </reporter-output>
        </test-method> <!-- TC_020_Catagory_navigate -->
        <test-method signature="TC_021_Navigate_Home()[pri:2, instance:testCases.Navigation_Test@65fb9ffc]" started-at="2026-07-10T21:09:48 IST" name="TC_021_Navigate_Home" finished-at="2026-07-10T21:09:49 IST" duration-ms="766" status="PASS">
          <reporter-output>
          </reporter-output>
        </test-method> <!-- TC_021_Navigate_Home -->
        <test-method is-config="true" signature="tear()[pri:0, instance:testCases.Navigation_Test@65fb9ffc]" started-at="2026-07-10T21:09:49 IST" name="tear" finished-at="2026-07-10T21:09:50 IST" duration-ms="365" status="PASS">
          <reporter-output>
          </reporter-output>
        </test-method> <!-- tear -->
      </class> <!-- testCases.Navigation_Test -->
      <class name="testCases.Contact_Test">
        <test-method is-config="true" signature="setup(java.lang.String,java.lang.String)[pri:0, instance:testCases.Contact_Test@1bb5a082]" started-at="2026-07-10T21:09:29 IST" name="setup" finished-at="2026-07-10T21:09:33 IST" duration-ms="4195" status="PASS">
          <params>
            <param index="0">
              <value>
                <![CDATA[windows]]>
              </value>
            </param>
            <param index="1">
              <value>
                <![CDATA[chrome]]>
              </value>
            </param>
          </params>
          <reporter-output>
          </reporter-output>
        </test-method> <!-- setup -->
        <test-method signature="TC_007(java.lang.String,java.lang.String)[pri:0, instance:testCases.Contact_Test@1bb5a082]" started-at="2026-07-10T21:09:36 IST" name="TC_007" data-provider="EnquiryData" finished-at="2026-07-10T21:09:43 IST" duration-ms="6991" status="PASS">
          <params>
            <param index="0">
              <value>
                <![CDATA[product replace hoga? Nahi toh kya kare?]]>
              </value>
            </param>
            <param index="1">
              <value>
                <![CDATA[valid]]>
              </value>
            </param>
          </params>
          <reporter-output>
          </reporter-output>
        </test-method> <!-- TC_007 -->
        <test-method signature="TC_007(java.lang.String,java.lang.String)[pri:0, instance:testCases.Contact_Test@1bb5a082]" started-at="2026-07-10T21:09:43 IST" name="TC_007" data-provider="EnquiryData" finished-at="2026-07-10T21:09:49 IST" duration-ms="5667" status="PASS">
          <params>
            <param index="0">
              <value>
                <![CDATA[l]]>
              </value>
            </param>
            <param index="1">
              <value>
                <![CDATA[invalid]]>
              </value>
            </param>
          </params>
          <reporter-output>
          </reporter-output>
        </test-method> <!-- TC_007 -->
        <test-method signature="TC_007(java.lang.String,java.lang.String)[pri:0, instance:testCases.Contact_Test@1bb5a082]" started-at="2026-07-10T21:09:49 IST" name="TC_007" data-provider="EnquiryData" finished-at="2026-07-10T21:09:53 IST" duration-ms="4164" status="PASS">
          <params>
            <param index="0">
              <value>
                <![CDATA[fhfhf]]>
              </value>
            </param>
            <param index="1">
              <value>
                <![CDATA[invalid]]>
              </value>
            </param>
          </params>
          <reporter-output>
          </reporter-output>
        </test-method> <!-- TC_007 -->
        <test-method signature="TC_007(java.lang.String,java.lang.String)[pri:0, instance:testCases.Contact_Test@1bb5a082]" started-at="2026-07-10T21:09:53 IST" name="TC_007" data-provider="EnquiryData" finished-at="2026-07-10T21:09:55 IST" duration-ms="2130" status="PASS">
          <params>
            <param index="0">
              <value>
                <![CDATA[3]]>
              </value>
            </param>
            <param index="1">
              <value>
                <![CDATA[invalid]]>
              </value>
            </param>
          </params>
          <reporter-output>
          </reporter-output>
        </test-method> <!-- TC_007 -->
        <test-method signature="TC_007(java.lang.String,java.lang.String)[pri:0, instance:testCases.Contact_Test@1bb5a082]" started-at="2026-07-10T21:09:55 IST" name="TC_007" data-provider="EnquiryData" finished-at="2026-07-10T21:09:59 IST" duration-ms="3564" status="PASS">
          <params>
            <param index="0">
              <value>
                <![CDATA[3.33333E+11]]>
              </value>
            </param>
            <param index="1">
              <value>
                <![CDATA[valid]]>
              </value>
            </param>
          </params>
          <reporter-output>
          </reporter-output>
        </test-method> <!-- TC_007 -->
        <test-method is-config="true" signature="tear()[pri:0, instance:testCases.Contact_Test@1bb5a082]" started-at="2026-07-10T21:09:59 IST" name="tear" finished-at="2026-07-10T21:09:59 IST" duration-ms="190" status="PASS">
          <reporter-output>
          </reporter-output>
        </test-method> <!-- tear -->
      </class> <!-- testCases.Contact_Test -->
      <class name="testCases.UI_Smoke_Test">
        <test-method is-config="true" signature="setup(java.lang.String,java.lang.String)[pri:0, instance:testCases.UI_Smoke_Test@41d477ed]" started-at="2026-07-10T21:09:50 IST" name="setup" finished-at="2026-07-10T21:09:52 IST" duration-ms="2610" status="PASS">
          <params>
            <param index="0">
              <value>
                <![CDATA[windows]]>
              </value>
            </param>
            <param index="1">
              <value>
                <![CDATA[chrome]]>
              </value>
            </param>
          </params>
          <reporter-output>
          </reporter-output>
        </test-method> <!-- setup -->
        <test-method signature="TC_027_Open_Cart_logo()[pri:1, instance:testCases.UI_Smoke_Test@41d477ed]" started-at="2026-07-10T21:09:52 IST" name="TC_027_Open_Cart_logo" finished-at="2026-07-10T21:09:52 IST" duration-ms="80" status="PASS">
          <reporter-output>
          </reporter-output>
        </test-method> <!-- TC_027_Open_Cart_logo -->
        <test-method signature="TC_028_Nav_Bar_display()[pri:2, instance:testCases.UI_Smoke_Test@41d477ed]" started-at="2026-07-10T21:09:52 IST" name="TC_028_Nav_Bar_display" finished-at="2026-07-10T21:09:52 IST" duration-ms="73" status="PASS">
          <reporter-output>
          </reporter-output>
        </test-method> <!-- TC_028_Nav_Bar_display -->
        <test-method signature="TC_029_Footer_Display()[pri:3, instance:testCases.UI_Smoke_Test@41d477ed]" started-at="2026-07-10T21:09:52 IST" name="TC_029_Footer_Display" finished-at="2026-07-10T21:09:52 IST" duration-ms="45" status="PASS">
          <reporter-output>
          </reporter-output>
        </test-method> <!-- TC_029_Footer_Display -->
        <test-method signature="TC_030_Swiper1_Display()[pri:4, instance:testCases.UI_Smoke_Test@41d477ed]" started-at="2026-07-10T21:09:52 IST" name="TC_030_Swiper1_Display" finished-at="2026-07-10T21:09:55 IST" duration-ms="3023" status="PASS">
          <reporter-output>
          </reporter-output>
        </test-method> <!-- TC_030_Swiper1_Display -->
        <test-method signature="TC_031_Swiper2_Display()[pri:5, instance:testCases.UI_Smoke_Test@41d477ed]" started-at="2026-07-10T21:09:55 IST" name="TC_031_Swiper2_Display" finished-at="2026-07-10T21:09:58 IST" duration-ms="2750" status="FAIL">
          <exception class="java.lang.AssertionError">
            <message>
              <![CDATA[expected [true] but found [false]]]>
            </message>
            <full-stacktrace>
              <![CDATA[java.lang.AssertionError: expected [true] but found [false]
at org.testng.Assert.fail(Assert.java:111)
at org.testng.Assert.failNotEquals(Assert.java:1590)
at org.testng.Assert.assertEqualsImpl(Assert.java:150)
at org.testng.Assert.assertEquals(Assert.java:132)
at org.testng.Assert.assertEquals(Assert.java:1079)
at org.testng.Assert.assertEquals(Assert.java:1043)
at org.testng.Assert.assertEquals(Assert.java:1089)
at testCases.UI_Smoke_Test.TC_031_Swiper2_Display(UI_Smoke_Test.java:38)
at java.base/jdk.internal.reflect.DirectMethodHandleAccessor.invoke(DirectMethodHandleAccessor.java:103)
at java.base/java.lang.reflect.Method.invoke(Method.java:580)
at org.testng.internal.invokers.MethodInvocationHelper.invokeMethod(MethodInvocationHelper.java:141)
at org.testng.internal.invokers.TestInvoker.invokeMethod(TestInvoker.java:687)
at org.testng.internal.invokers.TestInvoker.invokeTestMethod(TestInvoker.java:230)
at org.testng.internal.invokers.MethodRunner.runInSequence(MethodRunner.java:63)
at org.testng.internal.invokers.TestInvoker$MethodInvocationAgent.invoke(TestInvoker.java:995)
at org.testng.internal.invokers.TestInvoker.invokeTestMethods(TestInvoker.java:203)
at org.testng.internal.invokers.TestMethodWorker.invokeTestMethods(TestMethodWorker.java:154)
at org.testng.internal.invokers.TestMethodWorker.run(TestMethodWorker.java:134)
at java.base/java.util.concurrent.Executors$RunnableAdapter.call(Executors.java:572)
at java.base/java.util.concurrent.FutureTask.run(FutureTask.java:317)
at org.testng.internal.thread.graph.TestNGFutureTask.run(TestNGFutureTask.java:22)
at java.base/java.util.concurrent.ThreadPoolExecutor.runWorker(ThreadPoolExecutor.java:1144)
at java.base/java.util.concurrent.ThreadPoolExecutor$Worker.run(ThreadPoolExecutor.java:642)
at java.base/java.lang.Thread.run(Thread.java:1583)
]]>
            </full-stacktrace>
          </exception> <!-- java.lang.AssertionError -->
          <reporter-output>
          </reporter-output>
        </test-method> <!-- TC_031_Swiper2_Display -->
        <test-method signature="TC_032_Search_box_Display()[pri:6, instance:testCases.UI_Smoke_Test@41d477ed]" started-at="2026-07-10T21:09:58 IST" name="TC_032_Search_box_Display" finished-at="2026-07-10T21:09:58 IST" duration-ms="23" status="PASS">
          <reporter-output>
          </reporter-output>
        </test-method> <!-- TC_032_Search_box_Display -->
        <test-method signature="TC_033_Search_Button_Display()[pri:7, instance:testCases.UI_Smoke_Test@41d477ed]" started-at="2026-07-10T21:09:58 IST" name="TC_033_Search_Button_Display" finished-at="2026-07-10T21:09:58 IST" duration-ms="29" status="PASS">
          <reporter-output>
          </reporter-output>
        </test-method> <!-- TC_033_Search_Button_Display -->
        <test-method is-config="true" signature="tear()[pri:0, instance:testCases.UI_Smoke_Test@41d477ed]" started-at="2026-07-10T21:09:58 IST" name="tear" finished-at="2026-07-10T21:09:58 IST" duration-ms="202" status="PASS">
          <reporter-output>
          </reporter-output>
        </test-method> <!-- tear -->
      </class> <!-- testCases.UI_Smoke_Test -->
    </test> <!-- Test -->
  </suite> <!-- Suite -->
</testng-results>
