<?xml version="1.0" encoding="UTF-8"?>
<testng-results ignored="0" total="1" passed="1" failed="0" skipped="0">
  <reporter-output>
  </reporter-output>
  <suite started-at="2026-07-03T11:57:08 IST" name="Suite" finished-at="2026-07-03T11:57:15 IST" duration-ms="6573">
    <groups>
    </groups>
    <test started-at="2026-07-03T11:57:08 IST" name="Test" finished-at="2026-07-03T11:57:15 IST" duration-ms="6573">
      <class name="testCases.Register_Test">
        <test-method is-config="true" signature="setup()[pri:0, instance:testCases.Register_Test@2362f559]" started-at="2026-07-03T11:57:09 IST" name="setup" finished-at="2026-07-03T11:57:12 IST" duration-ms="3389" status="PASS">
          <reporter-output>
          </reporter-output>
        </test-method> <!-- setup -->
        <test-method signature="TC_015_Register_Existing_Credential()[pri:1, instance:testCases.Register_Test@2362f559]" started-at="2026-07-03T11:57:12 IST" name="TC_015_Register_Existing_Credential" finished-at="2026-07-03T11:57:15 IST" duration-ms="2237" status="PASS">
          <reporter-output>
          </reporter-output>
        </test-method> <!-- TC_015_Register_Existing_Credential -->
        <test-method is-config="true" signature="Close()[pri:0, instance:testCases.Register_Test@2362f559]" started-at="2026-07-03T11:57:15 IST" name="Close" finished-at="2026-07-03T11:57:15 IST" duration-ms="383" status="PASS">
          <reporter-output>
          </reporter-output>
        </test-method> <!-- Close -->
      </class> <!-- testCases.Register_Test -->
    </test> <!-- Test -->
  </suite> <!-- Suite -->
</testng-results>
