<?xml version="1.0" encoding="UTF-8"?>
<testng-results ignored="0" total="1" passed="1" failed="0" skipped="0">
  <reporter-output>
  </reporter-output>
  <suite started-at="2026-07-03T17:34:23 IST" name="Suite" finished-at="2026-07-03T17:34:39 IST" duration-ms="16060">
    <groups>
    </groups>
    <test started-at="2026-07-03T17:34:23 IST" name="Test" finished-at="2026-07-03T17:34:39 IST" duration-ms="16060">
      <class name="testCases.Review_Test">
        <test-method is-config="true" signature="setup(java.lang.String,java.lang.String)[pri:0, instance:testCases.Review_Test@7770f470]" started-at="2026-07-03T17:34:24 IST" name="setup" finished-at="2026-07-03T17:34:34 IST" duration-ms="9617" status="PASS">
          <params>
            <param index="0">
              <value>
                <![CDATA[windows]]>
              </value>
            </param>
            <param index="1">
              <value>
                <![CDATA[chrome]]>
              </value>
            </param>
          </params>
          <reporter-output>
          </reporter-output>
        </test-method> <!-- setup -->
        <test-method signature="TC_022_Post_Review()[pri:1, instance:testCases.Review_Test@7770f470]" started-at="2026-07-03T17:34:34 IST" name="TC_022_Post_Review" finished-at="2026-07-03T17:34:39 IST" duration-ms="5406" status="PASS">
          <reporter-output>
          </reporter-output>
        </test-method> <!-- TC_022_Post_Review -->
        <test-method is-config="true" signature="tear()[pri:0, instance:testCases.Review_Test@7770f470]" started-at="2026-07-03T17:34:39 IST" name="tear" finished-at="2026-07-03T17:34:39 IST" duration-ms="422" status="PASS">
          <reporter-output>
          </reporter-output>
        </test-method> <!-- tear -->
      </class> <!-- testCases.Review_Test -->
    </test> <!-- Test -->
  </suite> <!-- Suite -->
</testng-results>
