<?xml version="1.0" encoding="UTF-8"?>
<!-- Generated by org.testng.reporters.JUnitReportReporter -->
<testsuite hostname="KEDARRAJE" failures="0" tests="3" name="testCases.Gift_Card_Test" time="7.528" errors="0" timestamp="2026-07-05T22:27:00 IST" skipped="0">
  <testcase classname="testCases.Gift_Card_Test" name="TC_024_Buy_Gift_Card" time="4.653"/>
  <testcase classname="testCases.Gift_Card_Test" name="TC_025_Empty_Credentials" time="1.400"/>
  <testcase classname="testCases.Gift_Card_Test" name="TC_026_Wrong_Mail" time="1.475"/>
</testsuite> <!-- testCases.Gift_Card_Test -->
