<?xml version="1.0" encoding="UTF-8"?>
<!-- Generated by org.testng.reporters.JUnitReportReporter -->
<testsuite hostname="KEDARRAJE" failures="0" tests="4" name="testCases.Search_Test" time="5.358" errors="0" timestamp="2026-07-03T11:28:18 IST" skipped="0">
  <testcase classname="testCases.Search_Test" name="TC_011_Empty_Search" time="2.540"/>
  <testcase classname="testCases.Search_Test" name="TC_012_Search_Special_Char" time="0.904"/>
  <testcase classname="testCases.Search_Test" name="TC_013_Partial_name" time="0.973"/>
  <testcase classname="testCases.Search_Test" name="TC_014_Non_Existing_Product" time="0.941"/>
</testsuite> <!-- testCases.Search_Test -->
