<?xml version="1.0" encoding="UTF-8"?>
<!-- Generated by org.testng.reporters.JUnitReportReporter -->
<testsuite hostname="KEDARRAJE" failures="0" tests="5" name="testCases.Contact_Test" time="16.758" errors="0" timestamp="2026-07-03T21:11:15 IST" skipped="0">
  <testcase classname="testCases.Contact_Test" name="TC_007" time="3.049"/>
  <testcase classname="testCases.Contact_Test" name="TC_007" time="2.784"/>
  <testcase classname="testCases.Contact_Test" name="TC_007" time="1.891"/>
  <testcase classname="testCases.Contact_Test" name="TC_007" time="3.837"/>
  <testcase classname="testCases.Contact_Test" name="TC_007" time="5.197"/>
</testsuite> <!-- testCases.Contact_Test -->
