<?xml version="1.0" encoding="UTF-8"?>
<!-- Generated by org.testng.reporters.JUnitReportReporter -->
<testsuite hostname="KEDARRAJE" failures="0" tests="5" name="testCases.Register_Test" time="10.530" errors="0" timestamp="2026-07-10T21:11:42 IST" skipped="0">
  <testcase classname="testCases.Register_Test" name="TC_015_Register_Existing_Credential" time="3.641"/>
  <testcase classname="testCases.Register_Test" name="TC_016_Register_Invalid_Credentials" time="2.475"/>
  <testcase classname="testCases.Register_Test" name="TC_017_Empty_Credentials" time="1.737"/>
  <testcase classname="testCases.Register_Test" name="TC_018_Password_Mismatched" time="1.370"/>
  <testcase classname="testCases.Register_Test" name="TC_019_Privacy_Policy_not_accepted" time="1.307"/>
</testsuite> <!-- testCases.Register_Test -->
