<?xml version="1.0" encoding="UTF-8"?>
<!-- Generated by org.testng.reporters.JUnitReportReporter -->
<testsuite hostname="KEDARRAJE" failures="0" tests="2" name="testCases.Navigation_Test" time="2.425" errors="0" timestamp="2026-07-03T21:11:15 IST" skipped="0">
  <testcase classname="testCases.Navigation_Test" name="TC_020_Catagory_navigate" time="1.753"/>
  <testcase classname="testCases.Navigation_Test" name="TC_021_Navigate_Home" time="0.672"/>
</testsuite> <!-- testCases.Navigation_Test -->
