<?xml version="1.0" encoding="UTF-8"?>
<!-- Generated by org.testng.reporters.JUnitReportReporter -->
<testsuite hostname="KEDARRAJE" failures="0" tests="5" name="testCases.Register_Test" time="17.265" errors="0" timestamp="2026-07-05T22:27:00 IST" skipped="0">
  <testcase classname="testCases.Register_Test" name="TC_015_Register_Existing_Credential" time="3.188"/>
  <testcase classname="testCases.Register_Test" name="TC_016_Register_Invalid_Credentials" time="4.806"/>
  <testcase classname="testCases.Register_Test" name="TC_017_Empty_Credentials" time="2.534"/>
  <testcase classname="testCases.Register_Test" name="TC_018_Password_Mismatched" time="3.516"/>
  <testcase classname="testCases.Register_Test" name="TC_019_Privacy_Policy_not_accepted" time="3.221"/>
</testsuite> <!-- testCases.Register_Test -->
