<?xml version="1.0" encoding="UTF-8"?>
<!-- Generated by org.testng.reporters.JUnitReportReporter -->
<testsuite hostname="KEDARRAJE" failures="0" tests="7" name="testCases.UI_Smoke_Test" time="5.348" errors="0" timestamp="2026-07-03T21:11:15 IST" skipped="0">
  <testcase classname="testCases.UI_Smoke_Test" name="TC_027_Open_Cart_logo" time="0.032"/>
  <testcase classname="testCases.UI_Smoke_Test" name="TC_028_Nav_Bar_display" time="0.019"/>
  <testcase classname="testCases.UI_Smoke_Test" name="TC_029_Footer_Display" time="0.028"/>
  <testcase classname="testCases.UI_Smoke_Test" name="TC_030_Swiper1_Display" time="2.445"/>
  <testcase classname="testCases.UI_Smoke_Test" name="TC_031_Swiper2_Display" time="2.799"/>
  <testcase classname="testCases.UI_Smoke_Test" name="TC_032_Search_box_Display" time="0.013"/>
  <testcase classname="testCases.UI_Smoke_Test" name="TC_033_Search_Button_Display" time="0.012"/>
</testsuite> <!-- testCases.UI_Smoke_Test -->
