<?xml version="1.0" encoding="UTF-8"?>
<!-- Generated by org.testng.reporters.JUnitReportReporter -->
<testsuite hostname="KEDARRAJE" failures="0" tests="3" name="testCases.Gift_Card_Test" time="3.015" errors="0" timestamp="2026-07-03T21:11:15 IST" skipped="0">
  <testcase classname="testCases.Gift_Card_Test" name="TC_024_Buy_Gift_Card" time="1.696"/>
  <testcase classname="testCases.Gift_Card_Test" name="TC_025_Empty_Credentials" time="0.609"/>
  <testcase classname="testCases.Gift_Card_Test" name="TC_026_Wrong_Mail" time="0.710"/>
</testsuite> <!-- testCases.Gift_Card_Test -->
