<?xml version="1.0" encoding="UTF-8"?>
<!-- Generated by org.testng.reporters.JUnitReportReporter -->
<testsuite hostname="KEDARRAJE" failures="0" tests="4" name="testCases.Search_Test" time="8.382" errors="0" timestamp="2026-07-05T22:27:00 IST" skipped="0">
  <testcase classname="testCases.Search_Test" name="TC_011_Empty_Search" time="4.274"/>
  <testcase classname="testCases.Search_Test" name="TC_012_Search_Special_Char" time="1.312"/>
  <testcase classname="testCases.Search_Test" name="TC_013_Partial_name" time="1.467"/>
  <testcase classname="testCases.Search_Test" name="TC_014_Non_Existing_Product" time="1.329"/>
</testsuite> <!-- testCases.Search_Test -->
