<?xml version="1.0" encoding="UTF-8"?>
<!-- Generated by org.testng.reporters.JUnitReportReporter -->
<testsuite hostname="KEDARRAJE" failures="0" tests="7" name="testCases.UI_Smoke_Test" time="5.983" errors="0" timestamp="2026-07-05T22:27:00 IST" skipped="0">
  <testcase classname="testCases.UI_Smoke_Test" name="TC_027_Open_Cart_logo" time="0.050"/>
  <testcase classname="testCases.UI_Smoke_Test" name="TC_028_Nav_Bar_display" time="0.058"/>
  <testcase classname="testCases.UI_Smoke_Test" name="TC_029_Footer_Display" time="0.042"/>
  <testcase classname="testCases.UI_Smoke_Test" name="TC_030_Swiper1_Display" time="2.959"/>
  <testcase classname="testCases.UI_Smoke_Test" name="TC_031_Swiper2_Display" time="2.811"/>
  <testcase classname="testCases.UI_Smoke_Test" name="TC_032_Search_box_Display" time="0.031"/>
  <testcase classname="testCases.UI_Smoke_Test" name="TC_033_Search_Button_Display" time="0.032"/>
</testsuite> <!-- testCases.UI_Smoke_Test -->
