<?xml version="1.0" encoding="UTF-8"?>
<!-- Generated by org.testng.reporters.JUnitReportReporter -->
<testsuite hostname="KEDARRAJE" failures="0" tests="4" name="testCases.Search_Test" time="9.646" errors="0" timestamp="2026-07-10T21:10:00 IST" skipped="0">
  <testcase classname="testCases.Search_Test" name="TC_011_Empty_Search" time="4.973"/>
  <testcase classname="testCases.Search_Test" name="TC_012_Search_Special_Char" time="1.432"/>
  <testcase classname="testCases.Search_Test" name="TC_013_Partial_name" time="1.800"/>
  <testcase classname="testCases.Search_Test" name="TC_014_Non_Existing_Product" time="1.441"/>
</testsuite> <!-- testCases.Search_Test -->
