<?xml version="1.0" encoding="UTF-8"?>
<!-- Generated by org.testng.reporters.JUnitReportReporter -->
<testsuite hostname="KEDARRAJE" failures="0" tests="5" name="testCases.Contact_Test" time="22.516" errors="0" timestamp="2026-07-10T21:10:00 IST" skipped="0">
  <testcase classname="testCases.Contact_Test" name="TC_007" time="4.164"/>
  <testcase classname="testCases.Contact_Test" name="TC_007" time="2.130"/>
  <testcase classname="testCases.Contact_Test" name="TC_007" time="6.991"/>
  <testcase classname="testCases.Contact_Test" name="TC_007" time="5.667"/>
  <testcase classname="testCases.Contact_Test" name="TC_007" time="3.564"/>
</testsuite> <!-- testCases.Contact_Test -->
