<?xml version="1.0" encoding="UTF-8"?>
<!-- Generated by org.testng.reporters.JUnitReportReporter -->
<testsuite hostname="KEDARRAJE" failures="1" tests="7" name="testCases.UI_Smoke_Test" time="6.023" errors="0" timestamp="2026-07-10T21:10:00 IST" skipped="0">
  <testcase classname="testCases.UI_Smoke_Test" name="TC_027_Open_Cart_logo" time="0.080"/>
  <testcase classname="testCases.UI_Smoke_Test" name="TC_028_Nav_Bar_display" time="0.073"/>
  <testcase classname="testCases.UI_Smoke_Test" name="TC_029_Footer_Display" time="0.045"/>
  <testcase classname="testCases.UI_Smoke_Test" name="TC_030_Swiper1_Display" time="3.023"/>
  <testcase classname="testCases.UI_Smoke_Test" name="TC_031_Swiper2_Display" time="2.750">
    <failure message="expected [true] but found [false]" type="java.lang.AssertionError">
      <![CDATA[java.lang.AssertionError: expected [true] but found [false]
at org.testng.Assert.fail(Assert.java:111)
at org.testng.Assert.failNotEquals(Assert.java:1590)
at org.testng.Assert.assertEqualsImpl(Assert.java:150)
at org.testng.Assert.assertEquals(Assert.java:132)
at org.testng.Assert.assertEquals(Assert.java:1079)
at org.testng.Assert.assertEquals(Assert.java:1043)
at org.testng.Assert.assertEquals(Assert.java:1089)
at testCases.UI_Smoke_Test.TC_031_Swiper2_Display(UI_Smoke_Test.java:38)
at java.base/jdk.internal.reflect.DirectMethodHandleAccessor.invoke(DirectMethodHandleAccessor.java:103)
at java.base/java.lang.reflect.Method.invoke(Method.java:580)
at org.testng.internal.invokers.MethodInvocationHelper.invokeMethod(MethodInvocationHelper.java:141)
at org.testng.internal.invokers.TestInvoker.invokeMethod(TestInvoker.java:687)
at org.testng.internal.invokers.TestInvoker.invokeTestMethod(TestInvoker.java:230)
at org.testng.internal.invokers.MethodRunner.runInSequence(MethodRunner.java:63)
at org.testng.internal.invokers.TestInvoker$MethodInvocationAgent.invoke(TestInvoker.java:995)
at org.testng.internal.invokers.TestInvoker.invokeTestMethods(TestInvoker.java:203)
at org.testng.internal.invokers.TestMethodWorker.invokeTestMethods(TestMethodWorker.java:154)
at org.testng.internal.invokers.TestMethodWorker.run(TestMethodWorker.java:134)
at java.base/java.util.concurrent.Executors$RunnableAdapter.call(Executors.java:572)
at java.base/java.util.concurrent.FutureTask.run(FutureTask.java:317)
at org.testng.internal.thread.graph.TestNGFutureTask.run(TestNGFutureTask.java:22)
at java.base/java.util.concurrent.ThreadPoolExecutor.runWorker(ThreadPoolExecutor.java:1144)
at java.base/java.util.concurrent.ThreadPoolExecutor$Worker.run(ThreadPoolExecutor.java:642)
at java.base/java.lang.Thread.run(Thread.java:1583)
]]>
    </failure>
  </testcase> <!-- TC_031_Swiper2_Display -->
  <testcase classname="testCases.UI_Smoke_Test" name="TC_032_Search_box_Display" time="0.023"/>
  <testcase classname="testCases.UI_Smoke_Test" name="TC_033_Search_Button_Display" time="0.029"/>
</testsuite> <!-- testCases.UI_Smoke_Test -->
