<?xml version="1.0" encoding="UTF-8"?>
<!-- Generated by org.testng.reporters.JUnitReportReporter -->
<testsuite hostname="KEDARRAJE" failures="0" tests="5" name="testCases.Register_Test" time="14.127" errors="0" timestamp="2026-07-10T21:10:00 IST" skipped="0">
  <testcase classname="testCases.Register_Test" name="TC_015_Register_Existing_Credential" time="4.975"/>
  <testcase classname="testCases.Register_Test" name="TC_016_Register_Invalid_Credentials" time="3.476"/>
  <testcase classname="testCases.Register_Test" name="TC_017_Empty_Credentials" time="2.500"/>
  <testcase classname="testCases.Register_Test" name="TC_018_Password_Mismatched" time="1.751"/>
  <testcase classname="testCases.Register_Test" name="TC_019_Privacy_Policy_not_accepted" time="1.425"/>
</testsuite> <!-- testCases.Register_Test -->
